* using log directory 'C:/Users/Vasyl/Documents/rcppreqtl/rcppreqtl.Rcheck'
* using R version 3.4.4 (2018-03-15)
* using platform: x86_64-w64-mingw32 (64-bit)
* using session charset: ISO8859-1
* checking for file 'rcppreqtl/DESCRIPTION' ... OK
* checking extension type ... Package
* this is package 'rcppreqtl' version '0.99.0'
* checking package namespace information ... OK
* checking package dependencies ... OK
* checking if this is a source package ... OK
* checking if there is a namespace ... OK
* checking for executable files ... OK
* checking for hidden files and directories ... OK
* checking for portable file names ... OK
* checking whether package 'rcppreqtl' can be installed ... OK
* checking installed package size ... OK
* checking package directory ... OK
* checking 'build' directory ... OK
* checking DESCRIPTION meta-information ... WARNING
Invalid license file pointers: LICENSE
* checking top-level files ... OK
* checking for left-over files ... OK
* checking index information ... OK
* checking package subdirectories ... OK
* checking R files for non-ASCII characters ... OK
* checking R files for syntax errors ... OK
* loading checks for arch 'i386'
** checking whether the package can be loaded ... OK
** checking whether the package can be loaded with stated dependencies ... OK
** checking whether the package can be unloaded cleanly ... OK
** checking whether the namespace can be loaded with stated dependencies ... OK
** checking whether the namespace can be unloaded cleanly ... OK
** checking loading without being on the library search path ... OK
* loading checks for arch 'x64'
** checking whether the package can be loaded ... OK
** checking whether the package can be loaded with stated dependencies ... OK
** checking whether the package can be unloaded cleanly ... OK
** checking whether the namespace can be loaded with stated dependencies ... OK
** checking whether the namespace can be unloaded cleanly ... OK
** checking loading without being on the library search path ... OK
* checking dependencies in R code ... NOTE
Namespaces in Imports field not imported from:
  'Matrix' 'Rcpp' 'RcppEigen' 'utils'
  All declared Imports should be used.
* checking S3 generic/method consistency ... OK
* checking replacement functions ... OK
* checking foreign function calls ... OK
* checking R code for possible problems ... OK
* checking Rd files ... OK
* checking Rd metadata ... OK
* checking Rd cross-references ... WARNING
Error in find.package(package, lib.loc) : 
  there is no package called 'survival'
Calls: <Anonymous> -> lapply -> FUN -> find.package
Execution halted
* checking for missing documentation entries ... OK
* checking for code/documentation mismatches ... OK
* checking Rd \usage sections ... WARNING
Assignments in \usage in documentation object 'simu2':
  fullest = fit(subset = NULL, data = dat, traceit = FALSE)

Assignments in \usage in documentation object 'simu4':
  fullest = fit(subset = NULL, data = dat, traceit = FALSE)

Functions with \usage entries need to have the appropriate \alias
entries, and all their arguments documented.
The \usage entries must correspond to syntactically valid R code.
See chapter 'Writing R documentation files' in the 'Writing R
Extensions' manual.
* checking Rd contents ... OK
* checking for unstated dependencies in examples ... OK
* checking line endings in C/C++/Fortran sources/headers ... OK
* checking line endings in Makefiles ... OK
* checking compilation flags in Makevars ... OK
* checking for GNU extensions in Makefiles ... OK
* checking for portable use of $(BLAS_LIBS) and $(LAPACK_LIBS) ... OK
* checking compiled code ... WARNING
File 'rcppreqtl/libs/i386/rcppreqtl.dll':
  Found '_ZSt4cout', possibly from 'std::cout' (C++)
    Object: 'brent.o'
  Found 'exit', possibly from 'exit' (C), 'stop' (Fortran)
    Objects: 'brent.o', 'function.o'
  Found 'printf', possibly from 'printf' (C)
    Objects: 'function.o', 'utility.o'
  Found 'putchar', possibly from 'putchar' (C)
    Object: 'utility.o'
  Found 'puts', possibly from 'printf' (C), 'puts' (C)
    Objects: 'function.o', 'iterative2.o'
File 'rcppreqtl/libs/x64/rcppreqtl.dll':
  Found '_ZSt4cout', possibly from 'std::cout' (C++)
    Object: 'brent.o'
  Found 'exit', possibly from 'exit' (C), 'stop' (Fortran)
    Objects: 'brent.o', 'function.o'
  Found 'printf', possibly from 'printf' (C)
    Objects: 'function.o', 'utility.o'
  Found 'putchar', possibly from 'putchar' (C)
    Object: 'utility.o'
  Found 'puts', possibly from 'printf' (C), 'puts' (C)
    Objects: 'function.o', 'iterative2.o'

Compiled code should not call entry points which might terminate R nor
write to stdout/stderr instead of to the console, nor use Fortran I/O
nor system RNGs.

See 'Writing portable packages' in the 'Writing R Extensions' manual.
* checking sizes of PDF files under 'inst/doc' ... OK
* checking installed files from 'inst/doc' ... OK
* checking files in 'vignettes' ... WARNING
Files in the 'vignettes' directory newer than same file in 'inst/doc':
  'rcppreqtl.Rnw'
* checking examples ...
** running examples for arch 'i386' ... OK
** running examples for arch 'x64' ... OK
* checking for unstated dependencies in vignettes ... OK
* checking package vignettes in 'inst/doc' ... OK
* checking running R code from vignettes ... OK
* checking re-building of vignette outputs ... OK
* checking PDF version of manual ... OK
* DONE
Status: 5 WARNINGs, 1 NOTE
